mode: set
tirigo/internal/user-management/service/user_service.go:19.66,21.2 1 1
tirigo/internal/user-management/service/user_service.go:23.86,25.16 2 1
tirigo/internal/user-management/service/user_service.go:25.16,27.3 1 0
tirigo/internal/user-management/service/user_service.go:29.2,39.16 3 1
tirigo/internal/user-management/service/user_service.go:39.16,41.3 1 0
tirigo/internal/user-management/service/user_service.go:43.2,43.21 1 1
tirigo/internal/user-management/service/user_service.go:46.85,49.16 2 1
tirigo/internal/user-management/service/user_service.go:49.16,51.3 1 0
tirigo/internal/user-management/service/user_service.go:53.2,54.16 2 1
tirigo/internal/user-management/service/user_service.go:54.16,56.3 1 0
tirigo/internal/user-management/service/user_service.go:58.2,59.16 2 1
tirigo/internal/user-management/service/user_service.go:59.16,61.3 1 0
tirigo/internal/user-management/service/user_service.go:63.2,64.16 2 1
tirigo/internal/user-management/service/user_service.go:64.16,66.3 1 0
tirigo/internal/user-management/service/user_service.go:67.2,67.19 1 1
tirigo/internal/user-management/service/user_service.go:70.50,72.16 2 1
tirigo/internal/user-management/service/user_service.go:72.16,74.3 1 0
tirigo/internal/user-management/service/user_service.go:75.2,75.12 1 1
